2026-01-02 11:34:53 -  - exec CUpdateClientPartner::SearchModulesEx
2026-01-02 11:34:53 -  - exec CUpdateClientPartner::__CollectRequestData
2026-01-02 11:34:53 -  - utf=Y&lang=ru&stable=Y&CANGZIP=Y&SUPD_DBS=MYSQL&XE=N&CLIENT_SITE=mybitrixtest_shop.su&LICENSE_KEY=X&SUPD_STS=1&SUPD_URS=0&TYPENC=D&CLIENT_PHPVER=8.4.16&NGINX=Y&dbv=8.0.44&instm=main%2C25.100.500%2CY%3Bseo%2C24.700.100%2CN%3Bpull%2C25.200.100%2CN%3Bforum%2C25.200.0%2CN%3Breport%2C24.100.100%2CN%3Bphotogallery%2C25.0.0%2CN%3Bstatistic%2C24.100.0%2CN%3Bbizprocdesigner%2C25.0.0%2CN%3Bmobileapp%2C24.200.0%2CN%3Bsupport%2C24.100.0%2CN%3Bsocialnetwork%2C24.400.100%2CN%3Blanding%2C24.800.300%2CN%3Badvertising%2C24.100.0%2CN%3Babtest%2C24.100.0%2CN%3Bhighloadblock%2C24.100.0%2CN%3Bcatalog%2C25.0.100%2CN%3Bsender%2C24.400.100%2CN%3Brest%2C25.300.100%2CN%3Biblock%2C25.0.100%2CN%3Bwiki%2C24.100.0%2CN%3Bmessageservice%2C24.900.100%2CN%3Bim%2C25.100.200%2CN%3Bsearch%2C25.0.0%2CN%3Bmail%2C25.0.100%2CN%3Bsale%2C25.0.200%2CN%3Bb24connector%2C24.0.100%2CN%3Bvote%2C25.0.0%2CN%3Bbitrixcloud%2C25.0.0%2CN%3Bconversion%2C24.0.0%2CN%3Blocation%2C25.100.0%2CN%3Bsubscribe%2C24.0.0%2CN%3Bcurrency%2C24.100.0%2CN%3Bsecurity%2C24.0.300%2CN%3Bui%2C25.50.200%2CN%3Bidea%2C24.100.100%2CN%3Bbitrix.eshop%2C24.100.0%2CN%3Bfileman%2C25.0.0%2CN%3Blearning%2C24.300.0%2CN%3Bclouds%2C25.100.0%2CN%3Bblog%2C24.300.100%2CN%3Blists%2C25.100.0%2CN%3Bwebservice%2C24.100.0%2CN%3Bcalendar%2C24.600.0%2CN%3Btranslate%2C25.0.0%2CN%3Bbitrix.sitecorporate%2C24.0.0%2CN%3Bperfmon%2C24.200.0%2CN%3Bworkflow%2C24.100.0%2CN%3Bstoreassist%2C24.0.0%2CN%3Bform%2C25.0.0%2CN%3Bbizproc%2C25.0.200%2CN%3Bsocialservices%2C24.200.100%2CN&search_module_id=&search_module=&search_category=7%2C14&search_type=&search_order=DESC&search_order_by=SORT&search_page=1&SUPD_SRS=RU&SUPD_CMP=N
2026-01-02 11:34:53 -  - exec CUpdateClientPartner::GetHTTPPage
2026-01-02 11:34:54 -  - TIME SearchModulesEx(request) 0.898 sec
2026-01-02 11:34:54 -  - exec CUpdateClientPartner::ParseServerData
2026-01-02 11:36:05 -  - exec CUpdateClientPartner::SearchModulesEx
2026-01-02 11:36:05 -  - exec CUpdateClientPartner::__CollectRequestData
2026-01-02 11:36:05 -  - utf=Y&lang=ru&stable=Y&CANGZIP=Y&SUPD_DBS=MYSQL&XE=N&CLIENT_SITE=mybitrixtest_shop.su&LICENSE_KEY=X&SUPD_STS=1&SUPD_URS=0&TYPENC=D&CLIENT_PHPVER=8.4.16&NGINX=Y&dbv=8.0.44&instm=main%2C25.100.500%2CY%3Bseo%2C24.700.100%2CN%3Bpull%2C25.200.100%2CN%3Bforum%2C25.200.0%2CN%3Breport%2C24.100.100%2CN%3Bphotogallery%2C25.0.0%2CN%3Bstatistic%2C24.100.0%2CN%3Bbizprocdesigner%2C25.0.0%2CN%3Bmobileapp%2C24.200.0%2CN%3Bsupport%2C24.100.0%2CN%3Bsocialnetwork%2C24.400.100%2CN%3Blanding%2C24.800.300%2CN%3Badvertising%2C24.100.0%2CN%3Babtest%2C24.100.0%2CN%3Bhighloadblock%2C24.100.0%2CN%3Bcatalog%2C25.0.100%2CN%3Bsender%2C24.400.100%2CN%3Brest%2C25.300.100%2CN%3Biblock%2C25.0.100%2CN%3Bwiki%2C24.100.0%2CN%3Bmessageservice%2C24.900.100%2CN%3Bim%2C25.100.200%2CN%3Bsearch%2C25.0.0%2CN%3Bmail%2C25.0.100%2CN%3Bsale%2C25.0.200%2CN%3Bb24connector%2C24.0.100%2CN%3Bvote%2C25.0.0%2CN%3Bbitrixcloud%2C25.0.0%2CN%3Bconversion%2C24.0.0%2CN%3Blocation%2C25.100.0%2CN%3Bsubscribe%2C24.0.0%2CN%3Bcurrency%2C24.100.0%2CN%3Bsecurity%2C24.0.300%2CN%3Bui%2C25.50.200%2CN%3Bidea%2C24.100.100%2CN%3Bbitrix.eshop%2C24.100.0%2CN%3Bfileman%2C25.0.0%2CN%3Blearning%2C24.300.0%2CN%3Bclouds%2C25.100.0%2CN%3Bblog%2C24.300.100%2CN%3Blists%2C25.100.0%2CN%3Bwebservice%2C24.100.0%2CN%3Bcalendar%2C24.600.0%2CN%3Btranslate%2C25.0.0%2CN%3Bbitrix.sitecorporate%2C24.0.0%2CN%3Bperfmon%2C24.200.0%2CN%3Bworkflow%2C24.100.0%2CN%3Bstoreassist%2C24.0.0%2CN%3Bform%2C25.0.0%2CN%3Bbizproc%2C25.0.200%2CN%3Bsocialservices%2C24.200.100%2CN&search_module_id=&search_module=&search_category=7%2C14&search_type=&search_order=DESC&search_order_by=SORT&search_page=1&SUPD_SRS=RU&SUPD_CMP=N
2026-01-02 11:36:05 -  - exec CUpdateClientPartner::GetHTTPPage
2026-01-02 11:36:06 -  - TIME SearchModulesEx(request) 0.932 sec
2026-01-02 11:36:06 -  - exec CUpdateClientPartner::ParseServerData
2026-01-02 11:41:48 -  - exec CUpdateClientPartner::__CollectRequestData
2026-01-02 11:41:48 -  - exec CUpdateClientPartner::GetHTTPPage
2026-01-02 11:41:48 -  - exec CUpdateClientPartner::ParseServerData
2026-01-02 11:41:48 -  - exec CUpdateClientPartner::GetUpdatesList
2026-01-02 11:41:48 -  - exec CUpdateClientPartner::__CollectRequestData
2026-01-02 11:41:48 -  - utf=Y&lang=ru&stable=Y&CANGZIP=Y&SUPD_DBS=MYSQL&XE=N&CLIENT_SITE=mybitrixtest_shop.su&LICENSE_KEY=X&SUPD_STS=1&SUPD_URS=0&TYPENC=D&CLIENT_PHPVER=8.4.16&NGINX=Y&dbv=8.0.44&instm=main%2C25.100.500%2CY%3Bseo%2C24.700.100%2CN%3Bpull%2C25.200.100%2CN%3Bforum%2C25.200.0%2CN%3Breport%2C24.100.100%2CN%3Bphotogallery%2C25.0.0%2CN%3Bstatistic%2C24.100.0%2CN%3Bbizprocdesigner%2C25.0.0%2CN%3Bmobileapp%2C24.200.0%2CN%3Bsupport%2C24.100.0%2CN%3Bsocialnetwork%2C24.400.100%2CN%3Blanding%2C24.800.300%2CN%3Badvertising%2C24.100.0%2CN%3Babtest%2C24.100.0%2CN%3Bhighloadblock%2C24.100.0%2CN%3Bcatalog%2C25.0.100%2CN%3Bsender%2C24.400.100%2CN%3Brest%2C25.300.100%2CN%3Biblock%2C25.0.100%2CN%3Bwiki%2C24.100.0%2CN%3Bmessageservice%2C24.900.100%2CN%3Bim%2C25.100.200%2CN%3Bsearch%2C25.0.0%2CN%3Bmail%2C25.0.100%2CN%3Bsale%2C25.0.200%2CN%3Bb24connector%2C24.0.100%2CN%3Bvote%2C25.0.0%2CN%3Bbitrixcloud%2C25.0.0%2CN%3Bconversion%2C24.0.0%2CN%3Blocation%2C25.100.0%2CN%3Bsubscribe%2C24.0.0%2CN%3Bcurrency%2C24.100.0%2CN%3Bsecurity%2C24.0.300%2CN%3Bui%2C25.50.200%2CN%3Bidea%2C24.100.100%2CN%3Bbitrix.eshop%2C24.100.0%2CN%3Bfileman%2C25.0.0%2CN%3Blearning%2C24.300.0%2CN%3Bclouds%2C25.100.0%2CN%3Bblog%2C24.300.100%2CN%3Blists%2C25.100.0%2CN%3Bwebservice%2C24.100.0%2CN%3Bcalendar%2C24.600.0%2CN%3Btranslate%2C25.0.0%2CN%3Bbitrix.sitecorporate%2C24.0.0%2CN%3Bperfmon%2C24.200.0%2CN%3Bworkflow%2C24.100.0%2CN%3Bstoreassist%2C24.0.0%2CN%3Bform%2C25.0.0%2CN%3Bbizproc%2C25.0.200%2CN%3Bsocialservices%2C24.200.100%2CN&reqm=bitrix.eshop%2Cbitrix.sitecorporate&fullmoduleinfo=Y&SUPD_SRS=RU&SUPD_CMP=N
2026-01-02 11:41:48 -  - exec CUpdateClientPartner::GetHTTPPage
2026-01-02 11:41:48 -  - TIME GetUpdatesList(request) 0.161 sec
2026-01-02 11:41:48 -  - exec CUpdateClientPartner::ParseServerData
2026-01-02 11:41:48 -  - exec CUpdateClientPartner::__CollectRequestData
2026-01-02 11:41:48 -  - exec CUpdateClientPartner::GetHTTPPage
2026-01-02 11:41:48 -  - exec CUpdateClientPartner::ParseServerData
2026-01-03 15:36:48 -  - exec CUpdateClientPartner::__CollectRequestData
2026-01-03 15:36:48 -  - exec CUpdateClientPartner::GetHTTPPage
2026-01-03 15:36:48 -  - exec CUpdateClientPartner::ParseServerData
2026-01-03 15:36:48 -  - exec CUpdateClientPartner::GetUpdatesList
2026-01-03 15:36:48 -  - exec CUpdateClientPartner::__CollectRequestData
2026-01-03 15:36:48 -  - utf=Y&lang=ru&stable=Y&CANGZIP=Y&SUPD_DBS=MYSQL&XE=N&CLIENT_SITE=mybitrixtest_shop.su&LICENSE_KEY=X&SUPD_STS=1&SUPD_URS=0&TYPENC=D&CLIENT_PHPVER=8.4.16&NGINX=Y&dbv=8.0.44&instm=main%2C25.100.500%2CY%3Bseo%2C24.700.100%2CN%3Bpull%2C25.200.100%2CN%3Bforum%2C25.200.0%2CN%3Breport%2C24.100.100%2CN%3Bphotogallery%2C25.0.0%2CN%3Bstatistic%2C24.100.0%2CN%3Bbizprocdesigner%2C25.0.0%2CN%3Bmobileapp%2C24.200.0%2CN%3Bsupport%2C24.100.0%2CN%3Bsocialnetwork%2C24.400.100%2CN%3Blanding%2C24.800.300%2CN%3Badvertising%2C24.100.0%2CN%3Babtest%2C24.100.0%2CN%3Bhighloadblock%2C24.100.0%2CN%3Bcatalog%2C25.0.100%2CN%3Bsender%2C24.400.100%2CN%3Brest%2C25.300.100%2CN%3Biblock%2C25.0.100%2CN%3Bwiki%2C24.100.0%2CN%3Bmessageservice%2C24.900.100%2CN%3Bim%2C25.100.200%2CN%3Bsearch%2C25.0.0%2CN%3Bmail%2C25.0.100%2CN%3Bsale%2C25.0.200%2CN%3Bb24connector%2C24.0.100%2CN%3Bvote%2C25.0.0%2CN%3Bbitrixcloud%2C25.0.0%2CN%3Bconversion%2C24.0.0%2CN%3Blocation%2C25.100.0%2CN%3Bsubscribe%2C24.0.0%2CN%3Bcurrency%2C24.100.0%2CN%3Bsecurity%2C24.0.300%2CN%3Bui%2C25.50.200%2CN%3Bidea%2C24.100.100%2CN%3Bbitrix.eshop%2C24.100.0%2CN%3Bfileman%2C25.0.0%2CN%3Blearning%2C24.300.0%2CN%3Bclouds%2C25.100.0%2CN%3Bblog%2C24.300.100%2CN%3Blists%2C25.100.0%2CN%3Bwebservice%2C24.100.0%2CN%3Bcalendar%2C24.600.0%2CN%3Btranslate%2C25.0.0%2CN%3Bbitrix.sitecorporate%2C24.0.0%2CN%3Bperfmon%2C24.200.0%2CN%3Bworkflow%2C24.100.0%2CN%3Bstoreassist%2C24.0.0%2CN%3Bform%2C25.0.0%2CN%3Bbizproc%2C25.0.200%2CN%3Bsocialservices%2C24.200.100%2CN&reqm=bitrix.eshop%2Cbitrix.sitecorporate&fullmoduleinfo=Y&SUPD_SRS=RU&SUPD_CMP=N
2026-01-03 15:36:48 -  - exec CUpdateClientPartner::GetHTTPPage
2026-01-03 15:36:49 -  - TIME GetUpdatesList(request) 0.167 sec
2026-01-03 15:36:49 -  - exec CUpdateClientPartner::ParseServerData
2026-01-03 15:36:49 -  - exec CUpdateClientPartner::__CollectRequestData
2026-01-03 15:36:49 -  - exec CUpdateClientPartner::GetHTTPPage
2026-01-03 15:36:49 -  - exec CUpdateClientPartner::ParseServerData
2026-01-03 16:07:11 -  - exec CUpdateClientPartner::GetUpdatesList
2026-01-03 16:07:11 -  - exec CUpdateClientPartner::__CollectRequestData
2026-01-03 16:07:11 -  - utf=Y&lang=ru&stable=Y&CANGZIP=Y&SUPD_DBS=MYSQL&XE=N&CLIENT_SITE=mybitrixtest-shop.su&LICENSE_KEY=X&SUPD_STS=1&SUPD_URS=0&TYPENC=D&CLIENT_PHPVER=8.4.16&NGINX=Y&dbv=8.0.44&instm=main%2C25.750.0%2CY%3Bseo%2C25.100.0%2CN%3Bpull%2C25.200.100%2CN%3Bforum%2C25.600.0%2CN%3Breport%2C25.0.0%2CN%3Bphotogallery%2C25.0.0%2CN%3Bstatistic%2C25.0.0%2CN%3Bbizprocdesigner%2C25.100.100%2CN%3Bmobileapp%2C25.0.100%2CN%3Bsupport%2C25.0.0%2CN%3Bsocialnetwork%2C25.350.0%2CN%3Blanding%2C25.1000.100%2CN%3Badvertising%2C24.100.0%2CN%3Babtest%2C25.0.0%2CN%3Bhighloadblock%2C25.0.0%2CN%3Bcatalog%2C25.400.0%2CN%3Bsender%2C25.400.0%2CN%3Brest%2C25.800.0%2CN%3Biblock%2C25.300.0%2CN%3Bwiki%2C25.0.0%2CN%3Bmessageservice%2C25.100.0%2CN%3Bim%2C25.1300.0%2CN%3Bsearch%2C25.100.0%2CN%3Bmail%2C25.200.0%2CN%3Bsale%2C25.325.0%2CN%3Bb24connector%2C25.0.0%2CN%3Bvote%2C25.700.0%2CN%3Bbitrixcloud%2C25.100.0%2CN%3Bconversion%2C24.0.0%2CN%3Blocation%2C25.300.0%2CN%3Bsubscribe%2C25.0.0%2CN%3Bcurrency%2C25.100.0%2CN%3Bsecurity%2C24.100.0%2CN%3Bui%2C25.900.0%2CN%3Bidea%2C25.0.0%2CN%3Bbitrix.eshop%2C24.100.0%2CN%3Bfileman%2C25.200.0%2CN%3Blearning%2C25.0.0%2CN%3Bclouds%2C25.100.0%2CN%3Bblog%2C25.0.0%2CN%3Blists%2C25.500.0%2CN%3Bwebservice%2C24.100.0%2CN%3Bcalendar%2C25.150.0%2CN%3Btranslate%2C25.100.0%2CN%3Bbitrix.sitecorporate%2C24.0.0%2CN%3Bperfmon%2C25.300.0%2CN%3Bworkflow%2C24.100.0%2CN%3Bstoreassist%2C24.0.0%2CN%3Bform%2C25.0.0%2CN%3Bbizproc%2C25.600.0%2CN%3Bsocialservices%2C25.0.100%2CN&reqm=bitrix.eshop%2Cbitrix.sitecorporate&fullmoduleinfo=Y&SUPD_SRS=RU&SUPD_CMP=N
2026-01-03 16:07:11 -  - exec CUpdateClientPartner::GetHTTPPage
2026-01-03 16:07:11 -  - TIME GetUpdatesList(request) 0.518 sec
2026-01-03 16:07:11 -  - exec CUpdateClientPartner::ParseServerData
2026-01-03 16:07:16 -  - exec CUpdateClientPartner::GetUpdatesList
2026-01-03 16:07:16 -  - exec CUpdateClientPartner::__CollectRequestData
2026-01-03 16:07:16 -  - utf=Y&lang=ru&stable=Y&CANGZIP=Y&SUPD_DBS=MYSQL&XE=N&CLIENT_SITE=mybitrixtest-shop.su&LICENSE_KEY=X&SUPD_STS=1&SUPD_URS=0&TYPENC=D&CLIENT_PHPVER=8.4.16&NGINX=Y&dbv=8.0.44&instm=main%2C25.750.0%2CY%3Bseo%2C25.100.0%2CN%3Bpull%2C25.200.100%2CN%3Bforum%2C25.600.0%2CN%3Breport%2C25.0.0%2CN%3Bphotogallery%2C25.0.0%2CN%3Bstatistic%2C25.0.0%2CN%3Bbizprocdesigner%2C25.100.100%2CN%3Bmobileapp%2C25.0.100%2CN%3Bsupport%2C25.0.0%2CN%3Bsocialnetwork%2C25.350.0%2CN%3Blanding%2C25.1000.100%2CN%3Badvertising%2C24.100.0%2CN%3Babtest%2C25.0.0%2CN%3Bhighloadblock%2C25.0.0%2CN%3Bcatalog%2C25.400.0%2CN%3Bsender%2C25.400.0%2CN%3Brest%2C25.800.0%2CN%3Biblock%2C25.300.0%2CN%3Bwiki%2C25.0.0%2CN%3Bmessageservice%2C25.100.0%2CN%3Bim%2C25.1300.0%2CN%3Bsearch%2C25.100.0%2CN%3Bmail%2C25.200.0%2CN%3Bsale%2C25.325.0%2CN%3Bb24connector%2C25.0.0%2CN%3Bvote%2C25.700.0%2CN%3Bbitrixcloud%2C25.100.0%2CN%3Bconversion%2C24.0.0%2CN%3Blocation%2C25.300.0%2CN%3Bsubscribe%2C25.0.0%2CN%3Bcurrency%2C25.100.0%2CN%3Bsecurity%2C24.100.0%2CN%3Bui%2C25.900.0%2CN%3Bidea%2C25.0.0%2CN%3Bbitrix.eshop%2C24.100.0%2CN%3Bfileman%2C25.200.0%2CN%3Blearning%2C25.0.0%2CN%3Bclouds%2C25.100.0%2CN%3Bblog%2C25.0.0%2CN%3Blists%2C25.500.0%2CN%3Bwebservice%2C24.100.0%2CN%3Bcalendar%2C25.150.0%2CN%3Btranslate%2C25.100.0%2CN%3Bbitrix.sitecorporate%2C24.0.0%2CN%3Bperfmon%2C25.300.0%2CN%3Bworkflow%2C24.100.0%2CN%3Bstoreassist%2C24.0.0%2CN%3Bform%2C25.0.0%2CN%3Bbizproc%2C25.600.0%2CN%3Bsocialservices%2C25.0.100%2CN&reqm=bitrix.eshop%2Cbitrix.sitecorporate&SUPD_SRS=RU&SUPD_CMP=N
2026-01-03 16:07:16 -  - exec CUpdateClientPartner::GetHTTPPage
2026-01-03 16:07:16 -  - TIME GetUpdatesList(request) 0.522 sec
2026-01-03 16:07:16 -  - exec CUpdateClientPartner::ParseServerData
2026-01-03 16:07:20 -  - exec CUpdateClientPartner::LoadModulesUpdates
2026-01-03 16:07:20 -  - exec CUpdateClientPartner::__CollectRequestData
2026-01-03 16:07:20 -  - utf=Y&lang=ru&stable=Y&CANGZIP=Y&SUPD_DBS=MYSQL&XE=N&CLIENT_SITE=mybitrixtest-shop.su&LICENSE_KEY=X&SUPD_STS=1&SUPD_URS=0&TYPENC=D&CLIENT_PHPVER=8.4.16&NGINX=Y&dbv=8.0.44&instm=main%2C25.750.0%2CY%3Bseo%2C25.100.0%2CN%3Bpull%2C25.200.100%2CN%3Bforum%2C25.600.0%2CN%3Breport%2C25.0.0%2CN%3Bphotogallery%2C25.0.0%2CN%3Bstatistic%2C25.0.0%2CN%3Bbizprocdesigner%2C25.100.100%2CN%3Bmobileapp%2C25.0.100%2CN%3Bsupport%2C25.0.0%2CN%3Bsocialnetwork%2C25.350.0%2CN%3Blanding%2C25.1000.100%2CN%3Badvertising%2C24.100.0%2CN%3Babtest%2C25.0.0%2CN%3Bhighloadblock%2C25.0.0%2CN%3Bcatalog%2C25.400.0%2CN%3Bsender%2C25.400.0%2CN%3Brest%2C25.800.0%2CN%3Biblock%2C25.300.0%2CN%3Bwiki%2C25.0.0%2CN%3Bmessageservice%2C25.100.0%2CN%3Bim%2C25.1300.0%2CN%3Bsearch%2C25.100.0%2CN%3Bmail%2C25.200.0%2CN%3Bsale%2C25.325.0%2CN%3Bb24connector%2C25.0.0%2CN%3Bvote%2C25.700.0%2CN%3Bbitrixcloud%2C25.100.0%2CN%3Bconversion%2C24.0.0%2CN%3Blocation%2C25.300.0%2CN%3Bsubscribe%2C25.0.0%2CN%3Bcurrency%2C25.100.0%2CN%3Bsecurity%2C24.100.0%2CN%3Bui%2C25.900.0%2CN%3Bidea%2C25.0.0%2CN%3Bbitrix.eshop%2C24.100.0%2CN%3Bfileman%2C25.200.0%2CN%3Blearning%2C25.0.0%2CN%3Bclouds%2C25.100.0%2CN%3Bblog%2C25.0.0%2CN%3Blists%2C25.500.0%2CN%3Bwebservice%2C24.100.0%2CN%3Bcalendar%2C25.150.0%2CN%3Btranslate%2C25.100.0%2CN%3Bbitrix.sitecorporate%2C24.0.0%2CN%3Bperfmon%2C25.300.0%2CN%3Bworkflow%2C24.100.0%2CN%3Bstoreassist%2C24.0.0%2CN%3Bform%2C25.0.0%2CN%3Bbizproc%2C25.600.0%2CN%3Bsocialservices%2C25.0.100%2CN&reqm=bitrix.eshop%2Cbitrix.sitecorporate&SUPD_SRS=RU&SUPD_CMP=N
2026-01-03 16:07:20 -  - exec CUpdateClientPartner::GetHTTPPage
2026-01-03 16:07:20 -  - TIME LoadModulesUpdates(request) 0.524 sec
2026-01-03 16:07:20 -  - exec CUpdateClientPartner::ParseServerData
2026-01-03 16:07:20 - S - STEP
2026-01-03 16:07:20 - LMU01 - LoadModulesUpdates-Step
2026-01-03 16:07:20 -  - exec CUpdateClientPartner::LoadModulesUpdates
2026-01-03 16:07:20 -  - exec CUpdateClientPartner::ParseServerData
2026-01-03 16:07:20 -  - loadFile
2026-01-03 16:07:21 - U - RETURN
2026-01-03 16:07:21 -  - exec CUpdateClientPartner::UnGzipArchive
2026-01-03 16:07:21 -  - TIME UnGzipArchive 0.003 sec
2026-01-03 16:07:21 - CSURUS1 - Run updater '/bitrix/updates/update_m1767456441/bitrix.eshop/updater25.0.0/index.php'
2026-01-03 16:07:21 -  - TIME UpdateStepModules 0.015 sec
2026-01-03 16:07:21 - UPD_SUCCESS - Updated: bitrix.eshop (25.0.0)<br><li>Удалены лишние файлы. 
2026-01-03 16:07:21 -  - exec CUpdateClientPartner::LoadModulesUpdates
2026-01-03 16:07:21 -  - exec CUpdateClientPartner::__CollectRequestData
2026-01-03 16:07:21 -  - utf=Y&lang=ru&stable=Y&CANGZIP=Y&SUPD_DBS=MYSQL&XE=N&CLIENT_SITE=mybitrixtest-shop.su&LICENSE_KEY=X&SUPD_STS=1&SUPD_URS=0&TYPENC=D&CLIENT_PHPVER=8.4.16&NGINX=Y&dbv=8.0.44&instm=main%2C25.750.0%2CY%3Bseo%2C25.100.0%2CN%3Bpull%2C25.200.100%2CN%3Bforum%2C25.600.0%2CN%3Breport%2C25.0.0%2CN%3Bphotogallery%2C25.0.0%2CN%3Bstatistic%2C25.0.0%2CN%3Bbizprocdesigner%2C25.100.100%2CN%3Bmobileapp%2C25.0.100%2CN%3Bsupport%2C25.0.0%2CN%3Bsocialnetwork%2C25.350.0%2CN%3Blanding%2C25.1000.100%2CN%3Badvertising%2C24.100.0%2CN%3Babtest%2C25.0.0%2CN%3Bhighloadblock%2C25.0.0%2CN%3Bcatalog%2C25.400.0%2CN%3Bsender%2C25.400.0%2CN%3Brest%2C25.800.0%2CN%3Biblock%2C25.300.0%2CN%3Bwiki%2C25.0.0%2CN%3Bmessageservice%2C25.100.0%2CN%3Bim%2C25.1300.0%2CN%3Bsearch%2C25.100.0%2CN%3Bmail%2C25.200.0%2CN%3Bsale%2C25.325.0%2CN%3Bb24connector%2C25.0.0%2CN%3Bvote%2C25.700.0%2CN%3Bbitrixcloud%2C25.100.0%2CN%3Bconversion%2C24.0.0%2CN%3Blocation%2C25.300.0%2CN%3Bsubscribe%2C25.0.0%2CN%3Bcurrency%2C25.100.0%2CN%3Bsecurity%2C24.100.0%2CN%3Bui%2C25.900.0%2CN%3Bidea%2C25.0.0%2CN%3Bbitrix.eshop%2C25.0.0%2CN%3Bfileman%2C25.200.0%2CN%3Blearning%2C25.0.0%2CN%3Bclouds%2C25.100.0%2CN%3Bblog%2C25.0.0%2CN%3Blists%2C25.500.0%2CN%3Bwebservice%2C24.100.0%2CN%3Bcalendar%2C25.150.0%2CN%3Btranslate%2C25.100.0%2CN%3Bbitrix.sitecorporate%2C24.0.0%2CN%3Bperfmon%2C25.300.0%2CN%3Bworkflow%2C24.100.0%2CN%3Bstoreassist%2C24.0.0%2CN%3Bform%2C25.0.0%2CN%3Bbizproc%2C25.600.0%2CN%3Bsocialservices%2C25.0.100%2CN&reqm=bitrix.eshop%2Cbitrix.sitecorporate&SUPD_SRS=RU&SUPD_CMP=N
2026-01-03 16:07:21 -  - exec CUpdateClientPartner::GetHTTPPage
2026-01-03 16:07:21 -  - TIME LoadModulesUpdates(request) 0.512 sec
2026-01-03 16:07:21 -  - exec CUpdateClientPartner::ParseServerData
2026-01-03 16:07:21 - S - STEP
2026-01-03 16:07:21 - LMU01 - LoadModulesUpdates-Step
2026-01-03 16:07:21 -  - exec CUpdateClientPartner::LoadModulesUpdates
2026-01-03 16:07:21 -  - exec CUpdateClientPartner::ParseServerData
2026-01-03 16:07:21 -  - loadFile
2026-01-03 16:07:22 - U - RETURN
2026-01-03 16:07:22 -  - exec CUpdateClientPartner::UnGzipArchive
2026-01-03 16:07:22 -  - TIME UnGzipArchive 0.002 sec
2026-01-03 16:07:22 - CSURUS1 - Run updater '/bitrix/updates/update_m1767456442/bitrix.sitecorporate/updater25.0.0.php'
2026-01-03 16:07:22 -  - TIME UpdateStepModules 0.004 sec
2026-01-03 16:07:22 - UPD_SUCCESS - Updated: bitrix.sitecorporate (25.0.0)<br><li>Исправлена верстка в шаблонах сайта. 
2026-01-03 16:07:22 -  - exec CUpdateClientPartner::LoadModulesUpdates
2026-01-03 16:07:22 -  - exec CUpdateClientPartner::__CollectRequestData
2026-01-03 16:07:22 -  - utf=Y&lang=ru&stable=Y&CANGZIP=Y&SUPD_DBS=MYSQL&XE=N&CLIENT_SITE=mybitrixtest-shop.su&LICENSE_KEY=X&SUPD_STS=1&SUPD_URS=0&TYPENC=D&CLIENT_PHPVER=8.4.16&NGINX=Y&dbv=8.0.44&instm=main%2C25.750.0%2CY%3Bseo%2C25.100.0%2CN%3Bpull%2C25.200.100%2CN%3Bforum%2C25.600.0%2CN%3Breport%2C25.0.0%2CN%3Bphotogallery%2C25.0.0%2CN%3Bstatistic%2C25.0.0%2CN%3Bbizprocdesigner%2C25.100.100%2CN%3Bmobileapp%2C25.0.100%2CN%3Bsupport%2C25.0.0%2CN%3Bsocialnetwork%2C25.350.0%2CN%3Blanding%2C25.1000.100%2CN%3Badvertising%2C24.100.0%2CN%3Babtest%2C25.0.0%2CN%3Bhighloadblock%2C25.0.0%2CN%3Bcatalog%2C25.400.0%2CN%3Bsender%2C25.400.0%2CN%3Brest%2C25.800.0%2CN%3Biblock%2C25.300.0%2CN%3Bwiki%2C25.0.0%2CN%3Bmessageservice%2C25.100.0%2CN%3Bim%2C25.1300.0%2CN%3Bsearch%2C25.100.0%2CN%3Bmail%2C25.200.0%2CN%3Bsale%2C25.325.0%2CN%3Bb24connector%2C25.0.0%2CN%3Bvote%2C25.700.0%2CN%3Bbitrixcloud%2C25.100.0%2CN%3Bconversion%2C24.0.0%2CN%3Blocation%2C25.300.0%2CN%3Bsubscribe%2C25.0.0%2CN%3Bcurrency%2C25.100.0%2CN%3Bsecurity%2C24.100.0%2CN%3Bui%2C25.900.0%2CN%3Bidea%2C25.0.0%2CN%3Bbitrix.eshop%2C25.0.0%2CN%3Bfileman%2C25.200.0%2CN%3Blearning%2C25.0.0%2CN%3Bclouds%2C25.100.0%2CN%3Bblog%2C25.0.0%2CN%3Blists%2C25.500.0%2CN%3Bwebservice%2C24.100.0%2CN%3Bcalendar%2C25.150.0%2CN%3Btranslate%2C25.100.0%2CN%3Bbitrix.sitecorporate%2C25.0.0%2CN%3Bperfmon%2C25.300.0%2CN%3Bworkflow%2C24.100.0%2CN%3Bstoreassist%2C24.0.0%2CN%3Bform%2C25.0.0%2CN%3Bbizproc%2C25.600.0%2CN%3Bsocialservices%2C25.0.100%2CN&reqm=bitrix.eshop%2Cbitrix.sitecorporate&SUPD_SRS=RU&SUPD_CMP=N
2026-01-03 16:07:22 -  - exec CUpdateClientPartner::GetHTTPPage
2026-01-03 16:07:22 -  - TIME LoadModulesUpdates(request) 0.51 sec
2026-01-03 16:07:22 -  - exec CUpdateClientPartner::ParseServerData
2026-01-03 16:07:22 - STEP - Finish - NOUPDATES
2026-01-03 16:07:22 - STEP - Finish - NOUPDATES
2026-01-03 16:07:26 -  - exec CUpdateClientPartner::GetUpdatesList
2026-01-03 16:07:26 -  - exec CUpdateClientPartner::__CollectRequestData
2026-01-03 16:07:26 -  - utf=Y&lang=ru&stable=Y&CANGZIP=Y&SUPD_DBS=MYSQL&XE=N&CLIENT_SITE=mybitrixtest-shop.su&LICENSE_KEY=X&SUPD_STS=1&SUPD_URS=0&TYPENC=D&CLIENT_PHPVER=8.4.16&NGINX=Y&dbv=8.0.44&instm=main%2C25.750.0%2CY%3Bseo%2C25.100.0%2CN%3Bpull%2C25.200.100%2CN%3Bforum%2C25.600.0%2CN%3Breport%2C25.0.0%2CN%3Bphotogallery%2C25.0.0%2CN%3Bstatistic%2C25.0.0%2CN%3Bbizprocdesigner%2C25.100.100%2CN%3Bmobileapp%2C25.0.100%2CN%3Bsupport%2C25.0.0%2CN%3Bsocialnetwork%2C25.350.0%2CN%3Blanding%2C25.1000.100%2CN%3Badvertising%2C24.100.0%2CN%3Babtest%2C25.0.0%2CN%3Bhighloadblock%2C25.0.0%2CN%3Bcatalog%2C25.400.0%2CN%3Bsender%2C25.400.0%2CN%3Brest%2C25.800.0%2CN%3Biblock%2C25.300.0%2CN%3Bwiki%2C25.0.0%2CN%3Bmessageservice%2C25.100.0%2CN%3Bim%2C25.1300.0%2CN%3Bsearch%2C25.100.0%2CN%3Bmail%2C25.200.0%2CN%3Bsale%2C25.325.0%2CN%3Bb24connector%2C25.0.0%2CN%3Bvote%2C25.700.0%2CN%3Bbitrixcloud%2C25.100.0%2CN%3Bconversion%2C24.0.0%2CN%3Blocation%2C25.300.0%2CN%3Bsubscribe%2C25.0.0%2CN%3Bcurrency%2C25.100.0%2CN%3Bsecurity%2C24.100.0%2CN%3Bui%2C25.900.0%2CN%3Bidea%2C25.0.0%2CN%3Bbitrix.eshop%2C25.0.0%2CN%3Bfileman%2C25.200.0%2CN%3Blearning%2C25.0.0%2CN%3Bclouds%2C25.100.0%2CN%3Bblog%2C25.0.0%2CN%3Blists%2C25.500.0%2CN%3Bwebservice%2C24.100.0%2CN%3Bcalendar%2C25.150.0%2CN%3Btranslate%2C25.100.0%2CN%3Bbitrix.sitecorporate%2C25.0.0%2CN%3Bperfmon%2C25.300.0%2CN%3Bworkflow%2C24.100.0%2CN%3Bstoreassist%2C24.0.0%2CN%3Bform%2C25.0.0%2CN%3Bbizproc%2C25.600.0%2CN%3Bsocialservices%2C25.0.100%2CN&reqm=bitrix.eshop%2Cbitrix.sitecorporate&fullmoduleinfo=Y&SUPD_SRS=RU&SUPD_CMP=N
2026-01-03 16:07:26 -  - exec CUpdateClientPartner::GetHTTPPage
2026-01-03 16:07:26 -  - TIME GetUpdatesList(request) 0.524 sec
2026-01-03 16:07:26 -  - exec CUpdateClientPartner::ParseServerData
