2026-Jan-03 15:47:52 Наличие необходимых модулей php (check_php_modules): Ok
Все необходимые модули установлены
2026-Jan-03 15:47:52 Обязательные параметры PHP (check_php_settings): Ok
Настройки правильные
2026-Jan-03 15:47:52 Модули веб-сервера (check_security): Ok
Конфликтов не выявлено
2026-Jan-03 15:47:52 Значения переменных сервера (check_server_vars): Ok
Корректные
2026-Jan-03 15:47:52 Сохранение сессии (check_session): Ok
50% done
2026-Jan-03 15:47:52 Сохранение сессии (check_session): Ok
Успешно
2026-Jan-03 15:47:52 Параметры настройки UTF (mbstring и константа BX_UTF) (check_mbstring): Ok
Правильные. Сайт работает в UTF кодировке
2026-Jan-03 15:47:52 Служебные скрипты в корне сайта (check_install_scripts): Ok
Отсутствуют
2026-Jan-03 15:47:52 Работа с сокетами (check_socket): Fail
Connection to ssl://mybitrixtest-shop.su:443	Fail
Socket error [0]: 

Ошибка! Не работает
2026-Jan-03 15:47:52 Выполнение агентов на cron (check_bx_crontab): Warning
Замечание. Агенты выполняются на хитах, рекомендуется перевести выполнение агентов на cron
2026-Jan-03 15:47:52 Лишний вывод в файлах конфигурации (check_dbconn): Warning
Замечание. Не удалось проверить из-за ошибки в работе с сокетами
2026-Jan-03 15:47:52 Сохранение сессии без UserAgent (check_session_ua): Warning
Замечание. Не удалось проверить из-за ошибки в работе с сокетами
2026-Jan-03 15:47:52 Настройки сайтов (check_sites): Ok
Правильные
2026-Jan-03 15:47:52 Размер стека и pcre.recursion_limit (check_pcre_recursion): Warning
Замечание. Не удалось проверить из-за ошибки в работе с сокетами
2026-Jan-03 15:47:52 Загрузка файла (check_upload): Warning
Замечание. Не удалось проверить из-за ошибки в работе с сокетами
2026-Jan-03 15:47:52 Загрузка файла больше 4Мб (check_upload_big): Warning
Замечание. Не удалось проверить из-за ошибки в работе с сокетами
2026-Jan-03 15:47:52 Загрузка файла через php://input (check_upload_raw): Warning
Замечание. Не удалось проверить из-за ошибки в работе с сокетами
2026-Jan-03 15:47:52 Передача POST запроса с большим числом параметров (check_post): Warning
Замечание. Не удалось проверить из-за ошибки в работе с сокетами
2026-Jan-03 15:47:52 Отправка почты (check_mail): Fail
Ошибка! Не работает
2026-Jan-03 15:47:52 Отправка почтового сообщения больше 64Кб (check_mail_big): Fail
Ошибка! Не работает
2026-Jan-03 15:47:52 Проверка на наличие неотправленных сообщений (check_mail_b_event): Ok
Успешно
2026-Jan-03 15:47:52 Внутреннее перенаправление (функция LocalRedirect) (check_localredirect): Warning
Замечание. Не удалось проверить из-за ошибки в работе с сокетами
2026-Jan-03 15:47:52 Фактическое ограничение памяти (check_memory_limit): Warning
Замечание. Не удалось проверить из-за ошибки в работе с сокетами
2026-Jan-03 15:47:52 Работа с файлами кеша (check_cache): Ok
Успешно
2026-Jan-03 15:47:52 Доступ к серверу обновлений (check_update): Ok
Успешно
2026-Jan-03 15:47:53 HTTP авторизация (check_http_auth): Warning
Замечание. Не удалось проверить из-за ошибки в работе с сокетами
